<?xml version="1.0" encoding="UTF-8"?>
<testng-results skipped="0" failed="0" ignored="0" total="1" passed="1">
  <reporter-output>
  </reporter-output>
  <suite name="Default suite" duration-ms="163" started-at="2021-07-21T01:46:47Z" finished-at="2021-07-21T01:46:47Z">
    <groups>
    </groups>
    <test name="Default test" duration-ms="163" started-at="2021-07-21T01:46:47Z" finished-at="2021-07-21T01:46:47Z">
      <class name="function.implementation.FactorialFunctionTest">
        <test-method status="PASS" signature="testHandleRequest()[pri:0, instance:function.implementation.FactorialFunctionTest@35ef1869]" name="testHandleRequest" duration-ms="143" started-at="2021-07-21T01:46:47Z" finished-at="2021-07-21T01:46:47Z">
          <reporter-output>
          </reporter-output>
        </test-method> <!-- testHandleRequest -->
      </class> <!-- function.implementation.FactorialFunctionTest -->
    </test> <!-- Default test -->
  </suite> <!-- Default suite -->
</testng-results>
