<?xml version="1.0" encoding="UTF-8"?>
<testng-results skipped="0" failed="0" ignored="0" total="1" passed="1">
  <reporter-output>
  </reporter-output>
  <suite name="Default suite" duration-ms="190" started-at="2021-07-20T19:21:02 EDT" finished-at="2021-07-20T19:21:02 EDT">
    <groups>
    </groups>
    <test name="Default test" duration-ms="190" started-at="2021-07-20T19:21:02 EDT" finished-at="2021-07-20T19:21:02 EDT">
      <class name="com.kimlngo.fibonacci.FibonacciFunctionTest">
        <test-method status="PASS" signature="testProcess()[pri:0, instance:com.kimlngo.fibonacci.FibonacciFunctionTest@3aeaafa6]" name="testProcess" duration-ms="147" started-at="2021-07-20T19:21:02 EDT" finished-at="2021-07-20T19:21:02 EDT">
          <reporter-output>
          </reporter-output>
        </test-method> <!-- testProcess -->
      </class> <!-- com.kimlngo.fibonacci.FibonacciFunctionTest -->
    </test> <!-- Default test -->
  </suite> <!-- Default suite -->
</testng-results>
